<?xml version="1.0" encoding="UTF-8"?>
<!-- Generated by org.testng.reporters.JUnitXMLReporter -->
<testsuite ignored="0" hostname="DESKTOP-8KL260M" failures="0" tests="1" name="Test-Edge" time="19.524" errors="0" timestamp="2022-10-24T04:46:28 PDT">
  <testcase classname="com.utility.Base_Class" name="@BeforeMethod SetUp" time="19.494">
    <failure type="org.openqa.selenium.WebDriverException" message="unknown error: cannot find msedge binary
Build info: version: &amp;apos;3.141.59&amp;apos;, revision: &amp;apos;e82be7d358&amp;apos;, time: &amp;apos;2018-11-14T08:17:03&amp;apos;
System info: host: &amp;apos;DESKTOP-8KL260M&amp;apos;, ip: &amp;apos;192.168.204.81&amp;apos;, os.name: &amp;apos;Windows 10&amp;apos;, os.arch: &amp;apos;amd64&amp;apos;, os.version: &amp;apos;10.0&amp;apos;, java.version: &amp;apos;17.0.2&amp;apos;
Driver info: driver.version: EdgeDriver
remote stacktrace: Backtrace:
	Microsoft::Applications::Events::EventProperties::SetProperty [0x00007FF745E8F112+15282]
	Microsoft::Applications::Events::EventProperty::EventProperty [0x00007FF745E2C812+1461650]
	Ordinal0 [0x00007FF745A4C8A5+641189]
	Ordinal0 [0x00007FF745A74D47+806215]
	Ordinal0 [0x00007FF745A71670+792176]
	Ordinal0 [0x00007FF745AAFEA1+1048225]
	Ordinal0 [0x00007FF745AAF388+1045384]
	Ordinal0 [0x00007FF745AA86F3+1017587]
	Ordinal0 [0x00007FF745A7D104+839940]
	Ordinal0 [0x00007FF745A7E76F+845679]
	Microsoft::Applications::Events::EventProperty::EventProperty [0x00007FF745CE8A28+135080]
	Microsoft::Applications::Events::EventProperty::EventProperty [0x00007FF745CD2888+44552]
	Microsoft::Applications::Events::EventProperty::EventProperty [0x00007FF745CD57CC+56652]
	Ordinal0 [0x00007FF745B3A764+1615716]
	Microsoft::Applications::Events::EventProperty::EventProperty [0x00007FF745E31D79+1483513]
	Microsoft::Applications::Events::EventProperty::EventProperty [0x00007FF745E35C34+1499572]
	Microsoft::Applications::Events::EventProperty::EventProperty [0x00007FF745E35D8D+1499917]
	Microsoft::Applications::Events::EventProperty::EventProperty [0x00007FF745E3D656+1530838]
	BaseThreadInitThunk [0x00007FFCB8D137E4+20]
	RtlUserThreadStart [0x00007FFCB900CB81+33]
">
      <![CDATA[org.openqa.selenium.WebDriverException: unknown error: cannot find msedge binary
Build info: version: '3.141.59', revision: 'e82be7d358', time: '2018-11-14T08:17:03'
System info: host: 'DESKTOP-8KL260M', ip: '192.168.204.81', os.name: 'Windows 10', os.arch: 'amd64', os.version: '10.0', java.version: '17.0.2'
Driver info: driver.version: EdgeDriver
remote stacktrace: Backtrace:
Microsoft::Applications::Events::EventProperties::SetProperty [0x00007FF745E8F112+15282]
Microsoft::Applications::Events::EventProperty::EventProperty [0x00007FF745E2C812+1461650]
Ordinal0 [0x00007FF745A4C8A5+641189]
Ordinal0 [0x00007FF745A74D47+806215]
Ordinal0 [0x00007FF745A71670+792176]
Ordinal0 [0x00007FF745AAFEA1+1048225]
Ordinal0 [0x00007FF745AAF388+1045384]
Ordinal0 [0x00007FF745AA86F3+1017587]
Ordinal0 [0x00007FF745A7D104+839940]
Ordinal0 [0x00007FF745A7E76F+845679]
Microsoft::Applications::Events::EventProperty::EventProperty [0x00007FF745CE8A28+135080]
Microsoft::Applications::Events::EventProperty::EventProperty [0x00007FF745CD2888+44552]
Microsoft::Applications::Events::EventProperty::EventProperty [0x00007FF745CD57CC+56652]
Ordinal0 [0x00007FF745B3A764+1615716]
Microsoft::Applications::Events::EventProperty::EventProperty [0x00007FF745E31D79+1483513]
Microsoft::Applications::Events::EventProperty::EventProperty [0x00007FF745E35C34+1499572]
Microsoft::Applications::Events::EventProperty::EventProperty [0x00007FF745E35D8D+1499917]
Microsoft::Applications::Events::EventProperty::EventProperty [0x00007FF745E3D656+1530838]
BaseThreadInitThunk [0x00007FFCB8D137E4+20]
RtlUserThreadStart [0x00007FFCB900CB81+33]

at org.openqa.selenium.remote.W3CHandshakeResponse.lambda$errorHandler$0(W3CHandshakeResponse.java:62)
at org.openqa.selenium.remote.HandshakeResponse.lambda$getResponseFunction$0(HandshakeResponse.java:30)
at org.openqa.selenium.remote.ProtocolHandshake.lambda$createSession$0(ProtocolHandshake.java:126)
at java.base/java.util.stream.ReferencePipeline$3$1.accept(ReferencePipeline.java:197)
at java.base/java.util.Spliterators$ArraySpliterator.tryAdvance(Spliterators.java:1002)
at java.base/java.util.stream.ReferencePipeline.forEachWithCancel(ReferencePipeline.java:129)
at java.base/java.util.stream.AbstractPipeline.copyIntoWithCancel(AbstractPipeline.java:527)
at java.base/java.util.stream.AbstractPipeline.copyInto(AbstractPipeline.java:513)
at java.base/java.util.stream.AbstractPipeline.wrapAndCopyInto(AbstractPipeline.java:499)
at java.base/java.util.stream.FindOps$FindOp.evaluateSequential(FindOps.java:150)
at java.base/java.util.stream.AbstractPipeline.evaluate(AbstractPipeline.java:234)
at java.base/java.util.stream.ReferencePipeline.findFirst(ReferencePipeline.java:647)
at org.openqa.selenium.remote.ProtocolHandshake.createSession(ProtocolHandshake.java:128)
at org.openqa.selenium.remote.ProtocolHandshake.createSession(ProtocolHandshake.java:74)
at org.openqa.selenium.remote.HttpCommandExecutor.execute(HttpCommandExecutor.java:136)
at org.openqa.selenium.remote.service.DriverCommandExecutor.execute(DriverCommandExecutor.java:83)
at org.openqa.selenium.remote.RemoteWebDriver.execute(RemoteWebDriver.java:552)
at org.openqa.selenium.remote.RemoteWebDriver.startSession(RemoteWebDriver.java:213)
at org.openqa.selenium.remote.RemoteWebDriver.<init>(RemoteWebDriver.java:131)
at org.openqa.selenium.edge.EdgeDriver.<init>(EdgeDriver.java:141)
at org.openqa.selenium.edge.EdgeDriver.<init>(EdgeDriver.java:96)
at com.utility.Base_Class.SetUp(Base_Class.java:36)
at java.base/java.util.ArrayList.forEach(ArrayList.java:1511)
... Removed 36 stack frames]]>
    </failure>
  </testcase> <!-- @BeforeMethod SetUp -->
  <testcase classname="com.utility.Base_Class" name="@AfterMethod tearDown" time="-1.666611988278E9">
    <skipped/>
  </testcase> <!-- @AfterMethod tearDown -->
  <testcase classname="com.Test.TC_001" name="Test_verify" time="0.0">
    <skipped/>
  </testcase> <!-- Test_verify -->
</testsuite> <!-- Test-Edge -->
