<?xml version="1.0" encoding="UTF-8"?>
<!-- Generated by org.testng.reporters.JUnitXMLReporter -->
<testsuite ignored="0" hostname="DESKTOP-8KL260M" failures="0" tests="1" name="Test-Chrome" time="7.673" errors="0" timestamp="2022-12-03T01:57:48 PST">
  <testcase classname="com.Test.TC_001" name="Test_verify" time="0.818"/>
</testsuite> <!-- Test-Chrome -->
