<?xml version="1.0" encoding="UTF-8"?>
<!-- Generated by org.testng.reporters.JUnitXMLReporter -->
<testsuite ignored="0" hostname="DESKTOP-V3IDT5L" failures="0" tests="1" name="Test-Edge" time="37.847" errors="0" timestamp="2023-01-11T12:55:30 IST">
  <testcase classname="com.Test.TC_001" name="Test_verify" time="10.825"/>
</testsuite> <!-- Test-Edge -->
