<?xml version="1.0" encoding="UTF-8"?>
<!-- Generated by org.testng.reporters.JUnitXMLReporter -->
<testsuite ignored="0" hostname="DESKTOP-8KL260M" failures="0" tests="1" name="Test-Firefox" time="12.753" errors="0" timestamp="2022-12-03T01:58:02 PST">
  <testcase classname="com.Test.TC_001" name="Test_verify" time="0.585"/>
</testsuite> <!-- Test-Firefox -->
