<?xml version="1.0" encoding="UTF-8"?>
<!-- Generated by org.testng.reporters.JUnitReportReporter -->
<testsuite hostname="DESKTOP-8KL260M" failures="0" tests="1" name="com.Test.TC_002" time="0.004" errors="0" timestamp="2022-10-24T04:52:11 PDT" skipped="0">
  <testcase classname="com.Test.TC_002" name="Test_verify" time="0.004"/>
  <system-out/>
</testsuite> <!-- com.Test.TC_002 -->
