<?xml version="1.0" encoding="UTF-8"?>
<!-- Generated by org.testng.reporters.JUnitReportReporter -->
<testsuite hostname="DESKTOP-V3IDT5L" failures="0" tests="1" name="com.Test.TC_002" time="0.000" errors="0" timestamp="2023-01-11T12:47:32 IST" skipped="1">
  <testcase classname="com.Test.TC_002" name="Test_verify" time="0.000">
    <skipped/>
  </testcase> <!-- Test_verify -->
  <system-out/>
</testsuite> <!-- com.Test.TC_002 -->
