<?xml version="1.0" encoding="UTF-8"?>
<!-- Generated by org.testng.reporters.JUnitReportReporter -->
<testsuite hostname="DESKTOP-8KL260M" failures="0" tests="2" name="com.Test.TC_001" time="20.335" errors="0" timestamp="2022-12-03T01:58:02 PST" skipped="0">
  <testcase classname="com.Test.TC_001" name="Test_verify" time="12.745"/>
  <system-out/>
  <testcase classname="com.Test.TC_001" name="Test_verify" time="7.590"/>
  <system-out/>
</testsuite> <!-- com.Test.TC_001 -->
